{"timestamp":"2025-05-07T11:13:50.900521","level":"info","event":"Filling up the DagBag from /home/airflow/.local/lib/python3.12/site-packages/airflow/example_dags/example_nested_branch_dag.py","logger":"airflow.models.dagbag.DagBag"}
{"timestamp":"2025-05-07T11:14:32.387715","level":"info","event":"Filling up the DagBag from /home/airflow/.local/lib/python3.12/site-packages/airflow/example_dags/example_nested_branch_dag.py","logger":"airflow.models.dagbag.DagBag"}
{"timestamp":"2025-05-07T11:15:07.766110","level":"info","event":"Filling up the DagBag from /home/airflow/.local/lib/python3.12/site-packages/airflow/example_dags/example_nested_branch_dag.py","logger":"airflow.models.dagbag.DagBag"}
{"timestamp":"2025-05-07T11:21:55.539377","level":"info","event":"Filling up the DagBag from /home/airflow/.local/lib/python3.12/site-packages/airflow/example_dags/example_nested_branch_dag.py","logger":"airflow.models.dagbag.DagBag"}
{"timestamp":"2025-05-07T11:23:45.287485","level":"info","event":"Filling up the DagBag from /home/airflow/.local/lib/python3.12/site-packages/airflow/example_dags/example_nested_branch_dag.py","logger":"airflow.models.dagbag.DagBag"}
{"timestamp":"2025-05-07T11:24:17.007884","level":"info","event":"Filling up the DagBag from /home/airflow/.local/lib/python3.12/site-packages/airflow/example_dags/example_nested_branch_dag.py","logger":"airflow.models.dagbag.DagBag"}
{"timestamp":"2025-05-07T11:27:23.804180Z","level":"critical","event":"Process terminated by signal. For more information, see https://airflow.apache.org/docs/apache-airflow/stable/troubleshooting.html#TaskRunner-killed","signal":-9,"signal_name":"SIGKILL","logger":"processor"}
{"timestamp":"2025-05-07T11:30:06.315367","level":"info","event":"Filling up the DagBag from /home/airflow/.local/lib/python3.12/site-packages/airflow/example_dags/example_nested_branch_dag.py","logger":"airflow.models.dagbag.DagBag"}
{"timestamp":"2025-05-07T11:30:28.464812","level":"info","event":"Filling up the DagBag from /home/airflow/.local/lib/python3.12/site-packages/airflow/example_dags/example_nested_branch_dag.py","logger":"airflow.models.dagbag.DagBag"}
{"timestamp":"2025-05-07T11:31:16.317876","level":"info","event":"Filling up the DagBag from /home/airflow/.local/lib/python3.12/site-packages/airflow/example_dags/example_nested_branch_dag.py","logger":"airflow.models.dagbag.DagBag"}
{"timestamp":"2025-05-07T11:31:47.696938","level":"info","event":"Filling up the DagBag from /home/airflow/.local/lib/python3.12/site-packages/airflow/example_dags/example_nested_branch_dag.py","logger":"airflow.models.dagbag.DagBag"}
{"timestamp":"2025-05-07T11:33:35.525332","level":"info","event":"Filling up the DagBag from /home/airflow/.local/lib/python3.12/site-packages/airflow/example_dags/example_nested_branch_dag.py","logger":"airflow.models.dagbag.DagBag"}
{"timestamp":"2025-05-07T11:33:30.231810","level":"info","event":"Filling up the DagBag from /home/airflow/.local/lib/python3.12/site-packages/airflow/example_dags/example_nested_branch_dag.py","logger":"airflow.models.dagbag.DagBag"}
{"timestamp":"2025-05-07T11:34:01.973285","level":"info","event":"Filling up the DagBag from /home/airflow/.local/lib/python3.12/site-packages/airflow/example_dags/example_nested_branch_dag.py","logger":"airflow.models.dagbag.DagBag"}
{"timestamp":"2025-05-07T11:34:03.901019","level":"info","event":"Filling up the DagBag from /home/airflow/.local/lib/python3.12/site-packages/airflow/example_dags/example_nested_branch_dag.py","logger":"airflow.models.dagbag.DagBag"}
{"timestamp":"2025-05-07T11:34:39.252038","level":"info","event":"Filling up the DagBag from /home/airflow/.local/lib/python3.12/site-packages/airflow/example_dags/example_nested_branch_dag.py","logger":"airflow.models.dagbag.DagBag"}
{"timestamp":"2025-05-07T11:35:54.170537","level":"info","event":"Filling up the DagBag from /home/airflow/.local/lib/python3.12/site-packages/airflow/example_dags/example_nested_branch_dag.py","logger":"airflow.models.dagbag.DagBag"}
{"timestamp":"2025-05-07T11:36:56.708587","level":"info","event":"Filling up the DagBag from /home/airflow/.local/lib/python3.12/site-packages/airflow/example_dags/example_nested_branch_dag.py","logger":"airflow.models.dagbag.DagBag"}
{"timestamp":"2025-05-07T11:39:14.172252","level":"info","event":"Filling up the DagBag from /home/airflow/.local/lib/python3.12/site-packages/airflow/example_dags/example_nested_branch_dag.py","logger":"airflow.models.dagbag.DagBag"}
{"timestamp":"2025-05-07T11:39:49.315015","level":"info","event":"Filling up the DagBag from /home/airflow/.local/lib/python3.12/site-packages/airflow/example_dags/example_nested_branch_dag.py","logger":"airflow.models.dagbag.DagBag"}
{"timestamp":"2025-05-07T11:40:22.887045","level":"info","event":"Filling up the DagBag from /home/airflow/.local/lib/python3.12/site-packages/airflow/example_dags/example_nested_branch_dag.py","logger":"airflow.models.dagbag.DagBag"}
{"timestamp":"2025-05-07T11:43:54.658552","level":"info","event":"Filling up the DagBag from /home/airflow/.local/lib/python3.12/site-packages/airflow/example_dags/example_nested_branch_dag.py","logger":"airflow.models.dagbag.DagBag"}
{"timestamp":"2025-05-07T11:45:52.342990","level":"info","event":"Filling up the DagBag from /home/airflow/.local/lib/python3.12/site-packages/airflow/example_dags/example_nested_branch_dag.py","logger":"airflow.models.dagbag.DagBag"}
{"timestamp":"2025-05-07T11:46:35.216265","level":"info","event":"Filling up the DagBag from /home/airflow/.local/lib/python3.12/site-packages/airflow/example_dags/example_nested_branch_dag.py","logger":"airflow.models.dagbag.DagBag"}
{"timestamp":"2025-05-07T11:47:22.558656","level":"info","event":"Filling up the DagBag from /home/airflow/.local/lib/python3.12/site-packages/airflow/example_dags/example_nested_branch_dag.py","logger":"airflow.models.dagbag.DagBag"}
{"timestamp":"2025-05-07T11:48:11.259707","level":"info","event":"Filling up the DagBag from /home/airflow/.local/lib/python3.12/site-packages/airflow/example_dags/example_nested_branch_dag.py","logger":"airflow.models.dagbag.DagBag"}
{"timestamp":"2025-05-07T11:50:37.988605","level":"info","event":"Filling up the DagBag from /home/airflow/.local/lib/python3.12/site-packages/airflow/example_dags/example_nested_branch_dag.py","logger":"airflow.models.dagbag.DagBag"}
{"timestamp":"2025-05-07T11:51:17.399576","level":"info","event":"Filling up the DagBag from /home/airflow/.local/lib/python3.12/site-packages/airflow/example_dags/example_nested_branch_dag.py","logger":"airflow.models.dagbag.DagBag"}
{"timestamp":"2025-05-07T11:51:49.392611","level":"info","event":"Filling up the DagBag from /home/airflow/.local/lib/python3.12/site-packages/airflow/example_dags/example_nested_branch_dag.py","logger":"airflow.models.dagbag.DagBag"}
{"timestamp":"2025-05-07T11:53:18.384353","level":"info","event":"Filling up the DagBag from /home/airflow/.local/lib/python3.12/site-packages/airflow/example_dags/example_nested_branch_dag.py","logger":"airflow.models.dagbag.DagBag"}
{"timestamp":"2025-05-07T12:16:21.982836","level":"info","event":"Filling up the DagBag from /home/airflow/.local/lib/python3.12/site-packages/airflow/example_dags/example_nested_branch_dag.py","logger":"airflow.models.dagbag.DagBag"}
{"timestamp":"2025-05-07T12:16:56.281475","level":"info","event":"Filling up the DagBag from /home/airflow/.local/lib/python3.12/site-packages/airflow/example_dags/example_nested_branch_dag.py","logger":"airflow.models.dagbag.DagBag"}
{"timestamp":"2025-05-07T12:18:23.910707","level":"info","event":"Filling up the DagBag from /home/airflow/.local/lib/python3.12/site-packages/airflow/example_dags/example_nested_branch_dag.py","logger":"airflow.models.dagbag.DagBag"}
{"timestamp":"2025-05-07T12:19:25.281406","level":"info","event":"Filling up the DagBag from /home/airflow/.local/lib/python3.12/site-packages/airflow/example_dags/example_nested_branch_dag.py","logger":"airflow.models.dagbag.DagBag"}
{"timestamp":"2025-05-07T12:21:34.610917","level":"info","event":"Filling up the DagBag from /home/airflow/.local/lib/python3.12/site-packages/airflow/example_dags/example_nested_branch_dag.py","logger":"airflow.models.dagbag.DagBag"}
{"timestamp":"2025-05-07T12:22:13.065003","level":"info","event":"Filling up the DagBag from /home/airflow/.local/lib/python3.12/site-packages/airflow/example_dags/example_nested_branch_dag.py","logger":"airflow.models.dagbag.DagBag"}
{"timestamp":"2025-05-07T12:22:46.142479","level":"info","event":"Filling up the DagBag from /home/airflow/.local/lib/python3.12/site-packages/airflow/example_dags/example_nested_branch_dag.py","logger":"airflow.models.dagbag.DagBag"}
{"timestamp":"2025-05-07T12:23:36.264657","level":"info","event":"Filling up the DagBag from /home/airflow/.local/lib/python3.12/site-packages/airflow/example_dags/example_nested_branch_dag.py","logger":"airflow.models.dagbag.DagBag"}
{"timestamp":"2025-05-07T12:24:21.557099","level":"info","event":"Filling up the DagBag from /home/airflow/.local/lib/python3.12/site-packages/airflow/example_dags/example_nested_branch_dag.py","logger":"airflow.models.dagbag.DagBag"}
{"timestamp":"2025-05-07T12:26:26.253477","level":"info","event":"Filling up the DagBag from /home/airflow/.local/lib/python3.12/site-packages/airflow/example_dags/example_nested_branch_dag.py","logger":"airflow.models.dagbag.DagBag"}
{"timestamp":"2025-05-07T12:26:58.400401","level":"error","event":"Process timed out, PID: 780","logger":"airflow.utils.timeout.TimeoutPosix"}
{"timestamp":"2025-05-07T12:27:00.316816Z","level":"error","event":"Exception ignored in: <function _collection_gced at 0x7fa2077b84a0>","chan":"stderr","logger":"processor"}
{"timestamp":"2025-05-07T12:27:00.317365Z","level":"error","event":"Traceback (most recent call last):","chan":"stderr","logger":"processor"}
{"timestamp":"2025-05-07T12:27:00.317766Z","level":"error","event":"  File \"/home/airflow/.local/lib/python3.12/site-packages/sqlalchemy/event/registry.py\", line 53, in _collection_gced","chan":"stderr","logger":"processor"}
{"timestamp":"2025-05-07T12:27:00.318024Z","level":"error","event":"    def _collection_gced(ref):","chan":"stderr","logger":"processor"}
{"timestamp":"2025-05-07T12:27:00.318235Z","level":"error","event":"","chan":"stderr","logger":"processor"}
{"timestamp":"2025-05-07T12:27:00.318487Z","level":"error","event":"  File \"/home/airflow/.local/lib/python3.12/site-packages/airflow/utils/timeout.py\", line 69, in handle_timeout","chan":"stderr","logger":"processor"}
{"timestamp":"2025-05-07T12:27:00.318868Z","level":"error","event":"    raise AirflowTaskTimeout(self.error_message)","chan":"stderr","logger":"processor"}
{"timestamp":"2025-05-07T12:27:00.321256Z","level":"error","event":"airflow.exceptions.AirflowTaskTimeout: DagBag import timeout for /home/airflow/.local/lib/python3.12/site-packages/airflow/example_dags/example_nested_branch_dag.py after 30.0s.","chan":"stderr","logger":"processor"}
{"timestamp":"2025-05-07T12:27:00.321578Z","level":"error","event":"Please take a look at these docs to improve your DAG import time:","chan":"stderr","logger":"processor"}
{"timestamp":"2025-05-07T12:27:00.324478Z","level":"error","event":"* https://airflow.apache.org/docs/apache-airflow/3.0.0/best-practices.html#top-level-python-code","chan":"stderr","logger":"processor"}
{"timestamp":"2025-05-07T12:27:00.324862Z","level":"error","event":"* https://airflow.apache.org/docs/apache-airflow/3.0.0/best-practices.html#reducing-dag-complexity, PID: 780","chan":"stderr","logger":"processor"}
{"timestamp":"2025-05-07T12:30:50.962562","level":"info","event":"Filling up the DagBag from /home/airflow/.local/lib/python3.12/site-packages/airflow/example_dags/example_nested_branch_dag.py","logger":"airflow.models.dagbag.DagBag"}
{"timestamp":"2025-05-07T12:34:05.458583","level":"info","event":"Filling up the DagBag from /home/airflow/.local/lib/python3.12/site-packages/airflow/example_dags/example_nested_branch_dag.py","logger":"airflow.models.dagbag.DagBag"}
{"timestamp":"2025-05-07T12:34:59.640302","level":"info","event":"Filling up the DagBag from /home/airflow/.local/lib/python3.12/site-packages/airflow/example_dags/example_nested_branch_dag.py","logger":"airflow.models.dagbag.DagBag"}
{"timestamp":"2025-05-07T12:35:42.551726","level":"info","event":"Filling up the DagBag from /home/airflow/.local/lib/python3.12/site-packages/airflow/example_dags/example_nested_branch_dag.py","logger":"airflow.models.dagbag.DagBag"}
{"timestamp":"2025-05-07T12:37:00.662852","level":"info","event":"Filling up the DagBag from /home/airflow/.local/lib/python3.12/site-packages/airflow/example_dags/example_nested_branch_dag.py","logger":"airflow.models.dagbag.DagBag"}
{"timestamp":"2025-05-07T12:37:44.419853","level":"info","event":"Filling up the DagBag from /home/airflow/.local/lib/python3.12/site-packages/airflow/example_dags/example_nested_branch_dag.py","logger":"airflow.models.dagbag.DagBag"}
{"timestamp":"2025-05-07T12:38:19.108064","level":"info","event":"Filling up the DagBag from /home/airflow/.local/lib/python3.12/site-packages/airflow/example_dags/example_nested_branch_dag.py","logger":"airflow.models.dagbag.DagBag"}
{"timestamp":"2025-05-07T12:39:55.978848","level":"info","event":"Filling up the DagBag from /home/airflow/.local/lib/python3.12/site-packages/airflow/example_dags/example_nested_branch_dag.py","logger":"airflow.models.dagbag.DagBag"}
{"timestamp":"2025-05-07T12:41:29.677155","level":"info","event":"Filling up the DagBag from /home/airflow/.local/lib/python3.12/site-packages/airflow/example_dags/example_nested_branch_dag.py","logger":"airflow.models.dagbag.DagBag"}
{"timestamp":"2025-05-07T12:42:36.454291","level":"info","event":"Filling up the DagBag from /home/airflow/.local/lib/python3.12/site-packages/airflow/example_dags/example_nested_branch_dag.py","logger":"airflow.models.dagbag.DagBag"}
{"timestamp":"2025-05-07T12:44:21.558767","level":"info","event":"Filling up the DagBag from /home/airflow/.local/lib/python3.12/site-packages/airflow/example_dags/example_nested_branch_dag.py","logger":"airflow.models.dagbag.DagBag"}
{"timestamp":"2025-05-07T12:44:57.258113","level":"info","event":"Filling up the DagBag from /home/airflow/.local/lib/python3.12/site-packages/airflow/example_dags/example_nested_branch_dag.py","logger":"airflow.models.dagbag.DagBag"}
{"timestamp":"2025-05-07T12:45:37.216594","level":"info","event":"Filling up the DagBag from /home/airflow/.local/lib/python3.12/site-packages/airflow/example_dags/example_nested_branch_dag.py","logger":"airflow.models.dagbag.DagBag"}
{"timestamp":"2025-05-07T12:47:27.454114","level":"info","event":"Filling up the DagBag from /home/airflow/.local/lib/python3.12/site-packages/airflow/example_dags/example_nested_branch_dag.py","logger":"airflow.models.dagbag.DagBag"}
{"timestamp":"2025-05-07T12:48:57.744895","level":"info","event":"Filling up the DagBag from /home/airflow/.local/lib/python3.12/site-packages/airflow/example_dags/example_nested_branch_dag.py","logger":"airflow.models.dagbag.DagBag"}
{"timestamp":"2025-05-07T12:49:44.632277","level":"info","event":"Filling up the DagBag from /home/airflow/.local/lib/python3.12/site-packages/airflow/example_dags/example_nested_branch_dag.py","logger":"airflow.models.dagbag.DagBag"}
{"timestamp":"2025-05-07T12:50:13.009578","level":"info","event":"Filling up the DagBag from /home/airflow/.local/lib/python3.12/site-packages/airflow/example_dags/example_nested_branch_dag.py","logger":"airflow.models.dagbag.DagBag"}
